<?xml version="1.0" encoding="UTF-8"?>
<coverage generated="1723066793402" clover="3.2.0">
  <project timestamp="1723066793402" name="All files">
    <metrics statements="17" coveredstatements="17" conditionals="0" coveredconditionals="0" methods="2" coveredmethods="2" elements="19" coveredelements="19" complexity="0" loc="17" ncloc="17" packages="1" files="1" classes="1"/>
    <file name="base58.ts" path="/Users/kanumacastro/Desktop/projects/url-shortener/src/utils/base58.ts">
      <metrics statements="17" coveredstatements="17" conditionals="0" coveredconditionals="0" methods="2" coveredmethods="2"/>
      <line num="1" count="1" type="stmt"/>
      <line num="2" count="1" type="stmt"/>
      <line num="4" count="1" type="stmt"/>
      <line num="5" count="2" type="stmt"/>
      <line num="6" count="2" type="stmt"/>
      <line num="7" count="3" type="stmt"/>
      <line num="8" count="3" type="stmt"/>
      <line num="9" count="3" type="stmt"/>
      <line num="11" count="2" type="stmt"/>
      <line num="14" count="1" type="stmt"/>
      <line num="15" count="2" type="stmt"/>
      <line num="16" count="2" type="stmt"/>
      <line num="17" count="3" type="stmt"/>
      <line num="18" count="3" type="stmt"/>
      <line num="19" count="3" type="stmt"/>
      <line num="20" count="3" type="stmt"/>
      <line num="22" count="2" type="stmt"/>
    </file>
  </project>
</coverage>
