{"/Users/kanumacastro/Desktop/projects/url-shortener/src/utils/base58.ts": {"path":"/Users/kanumacastro/Desktop/projects/url-shortener/src/utils/base58.ts","statementMap":{"0":{"start":{"line":4,"column":0},"end":{"line":4,"column":16}},"1":{"start":{"line":14,"column":0},"end":{"line":14,"column":16}},"2":{"start":{"line":1,"column":17},"end":{"line":1,"column":77}},"3":{"start":{"line":2,"column":13},"end":{"line":2,"column":28}},"4":{"start":{"line":5,"column":16},"end":{"line":5,"column":18}},"5":{"start":{"line":6,"column":2},"end":{"line":10,"column":3}},"6":{"start":{"line":7,"column":22},"end":{"line":7,"column":32}},"7":{"start":{"line":8,"column":4},"end":{"line":8,"column":33}},"8":{"start":{"line":9,"column":4},"end":{"line":9,"column":55}},"9":{"start":{"line":11,"column":2},"end":{"line":11,"column":17}},"10":{"start":{"line":15,"column":16},"end":{"line":15,"column":17}},"11":{"start":{"line":16,"column":2},"end":{"line":21,"column":3}},"12":{"start":{"line":17,"column":18},"end":{"line":17,"column":42}},"13":{"start":{"line":18,"column":18},"end":{"line":18,"column":32}},"14":{"start":{"line":19,"column":4},"end":{"line":19,"column":39}},"15":{"start":{"line":20,"column":4},"end":{"line":20,"column":27}},"16":{"start":{"line":22,"column":2},"end":{"line":22,"column":17}}},"fnMap":{"0":{"name":"encode","decl":{"start":{"line":4,"column":16},"end":{"line":4,"column":22}},"loc":{"start":{"line":4,"column":34},"end":{"line":12,"column":1}}},"1":{"name":"decode","decl":{"start":{"line":14,"column":16},"end":{"line":14,"column":22}},"loc":{"start":{"line":14,"column":34},"end":{"line":23,"column":1}}}},"branchMap":{},"s":{"0":1,"1":1,"2":1,"3":1,"4":2,"5":2,"6":3,"7":3,"8":3,"9":2,"10":2,"11":2,"12":3,"13":3,"14":3,"15":3,"16":2},"f":{"0":2,"1":2},"b":{}}
}
