{"/Users/postgres/Desktop/castro/url-shortener/src/utils/base58.ts": {"path":"/Users/postgres/Desktop/castro/url-shortener/src/utils/base58.ts","statementMap":{"0":{"start":{"line":1,"column":17},"end":{"line":1,"column":77}},"1":{"start":{"line":2,"column":13},"end":{"line":2,"column":28}},"2":{"start":{"line":4,"column":22},"end":{"line":12,"column":1}},"3":{"start":{"line":5,"column":16},"end":{"line":5,"column":18}},"4":{"start":{"line":6,"column":2},"end":{"line":10,"column":3}},"5":{"start":{"line":7,"column":22},"end":{"line":7,"column":32}},"6":{"start":{"line":8,"column":4},"end":{"line":8,"column":33}},"7":{"start":{"line":9,"column":4},"end":{"line":9,"column":55}},"8":{"start":{"line":11,"column":2},"end":{"line":11,"column":17}},"9":{"start":{"line":4,"column":13},"end":{"line":4,"column":22}},"10":{"start":{"line":14,"column":22},"end":{"line":23,"column":1}},"11":{"start":{"line":15,"column":16},"end":{"line":15,"column":17}},"12":{"start":{"line":16,"column":2},"end":{"line":21,"column":3}},"13":{"start":{"line":17,"column":18},"end":{"line":17,"column":42}},"14":{"start":{"line":18,"column":18},"end":{"line":18,"column":32}},"15":{"start":{"line":19,"column":4},"end":{"line":19,"column":45}},"16":{"start":{"line":20,"column":4},"end":{"line":20,"column":27}},"17":{"start":{"line":22,"column":2},"end":{"line":22,"column":17}},"18":{"start":{"line":14,"column":13},"end":{"line":14,"column":22}}},"fnMap":{"0":{"name":"(anonymous_0)","decl":{"start":{"line":4,"column":22},"end":{"line":4,"column":23}},"loc":{"start":{"line":4,"column":46},"end":{"line":12,"column":1}}},"1":{"name":"(anonymous_1)","decl":{"start":{"line":14,"column":22},"end":{"line":14,"column":23}},"loc":{"start":{"line":14,"column":46},"end":{"line":23,"column":1}}}},"branchMap":{},"s":{"0":1,"1":1,"2":1,"3":2,"4":2,"5":3,"6":3,"7":3,"8":2,"9":1,"10":1,"11":2,"12":2,"13":3,"14":3,"15":3,"16":3,"17":2,"18":1},"f":{"0":2,"1":2},"b":{}}
}
